<?xml version='1.0' encoding='utf-8'?>
<testsuites name="cocotb tests"><testsuite name="test_perf_counters" errors="0" failures="0" skipped="0" tests="1" time="0.001" timestamp="2026-09-09T15:56:01.574354+00:00" hostname="faisal-LOQ-15IRX9"><testcase classname="test_perf_counters" name="test_performance_counters" time="0.001"><properties><property name="cocotb" value="True" /><property name="random_seed" value="1788969361" /><property name="file" value="/home/faisal/vlsi_project/sscs-ose-code-a-chip.github.io/ISSCC27/submitted_notebooks/open_ntt_pqc_accelerator/tb/test_perf_counters.py" /><property name="line" value="7" /><property name="sim_time_unit" value="ns" /><property name="sim_time_start" value="0.0" /><property name="sim_time_stop" value="60.0" /><property name="sim_time_duration" value="60.0" /><property name="sim_time_ratio" value="75252.94395390486" /></properties></testcase></testsuite></testsuites>