<?xml version='1.0' encoding='utf-8'?>
<testsuites name="cocotb tests"><testsuite name="test_keccak_xof" errors="0" failures="0" skipped="0" tests="1" time="0.006" timestamp="2026-09-09T16:25:43.871993+00:00" hostname="faisal-LOQ-15IRX9"><testcase classname="test_keccak_xof" name="test_keccak_xof_sponge" time="0.006"><properties><property name="cocotb" value="True" /><property name="random_seed" value="1788971143" /><property name="file" value="/home/faisal/vlsi_project/sscs-ose-code-a-chip.github.io/ISSCC27/submitted_notebooks/open_ntt_pqc_accelerator/tb/test_keccak_xof.py" /><property name="line" value="5" /><property name="sim_time_unit" value="ns" /><property name="sim_time_start" value="0.0" /><property name="sim_time_stop" value="700.0" /><property name="sim_time_duration" value="700.0" /><property name="sim_time_ratio" value="110854.73754204686" /></properties></testcase></testsuite></testsuites>